This file contains any messages produced by compilers while
running configure, to aid debugging if configure makes a mistake.

It was created by libCello configure 0.9.3, which was
generated by GNU Autoconf 2.65.  Invocation command line was

  $ ./configure 

## --------- ##
## Platform. ##
## --------- ##

hostname = raspberrypi
uname -m = armv6l
uname -r = 3.6.11+
uname -s = Linux
uname -v = #371 PREEMPT Thu Feb 7 16:31:35 GMT 2013

/usr/bin/uname -p = unknown
/bin/uname -X     = unknown

/bin/arch              = unknown
/usr/bin/arch -k       = unknown
/usr/convex/getsysinfo = unknown
/usr/bin/hostinfo      = unknown
/bin/machine           = unknown
/usr/bin/oslevel       = unknown
/bin/universe          = unknown

PATH: /usr/local/sbin
PATH: /usr/local/bin
PATH: /usr/sbin
PATH: /usr/bin
PATH: /sbin
PATH: /bin
PATH: /usr/local/games
PATH: /usr/games


## ----------- ##
## Core tests. ##
## ----------- ##

configure:2396: checking for a BSD-compatible install
configure:2464: result: /usr/bin/install -c
configure:2475: checking whether build environment is sane
configure:2525: result: yes
configure:2666: checking for a thread-safe mkdir -p
configure:2705: result: /bin/mkdir -p
configure:2718: checking for gawk
configure:2748: result: no
configure:2718: checking for mawk
configure:2734: found /usr/bin/mawk
configure:2745: result: mawk
configure:2756: checking whether make sets $(MAKE)
configure:2778: result: yes
configure:2887: checking build system type
configure:2901: result: armv6l-unknown-linux-gnueabi
configure:2921: checking host system type
configure:2934: result: armv6l-unknown-linux-gnueabi
configure:2966: checking for style of include used by make
configure:2994: result: GNU
configure:3064: checking for gcc
configure:3080: found /usr/bin/gcc
configure:3091: result: gcc
configure:3320: checking for C compiler version
configure:3329: gcc --version >&5
gcc (Debian 4.6.3-14+rpi1) 4.6.3
Copyright (C) 2011 Free Software Foundation, Inc.
This is free software; see the source for copying conditions.  There is NO
warranty; not even for MERCHANTABILITY or FITNESS FOR A PARTICULAR PURPOSE.

configure:3340: $? = 0
configure:3329: gcc -v >&5
Using built-in specs.
COLLECT_GCC=gcc
COLLECT_LTO_WRAPPER=/usr/lib/gcc/arm-linux-gnueabihf/4.6/lto-wrapper
Target: arm-linux-gnueabihf
Configured with: ../src/configure -v --with-pkgversion='Debian 4.6.3-14+rpi1' --with-bugurl=file:///usr/share/doc/gcc-4.6/README.Bugs --enable-languages=c,c++,fortran,objc,obj-c++ --prefix=/usr --program-suffix=-4.6 --enable-shared --enable-linker-build-id --with-system-zlib --libexecdir=/usr/lib --without-included-gettext --enable-threads=posix --with-gxx-include-dir=/usr/include/c++/4.6 --libdir=/usr/lib --enable-nls --with-sysroot=/ --enable-clocale=gnu --enable-libstdcxx-debug --enable-libstdcxx-time=yes --enable-gnu-unique-object --enable-plugin --enable-objc-gc --disable-sjlj-exceptions --with-arch=armv6 --with-fpu=vfp --with-float=hard --enable-checking=release --build=arm-linux-gnueabihf --host=arm-linux-gnueabihf --target=arm-linux-gnueabihf
Thread model: posix
gcc version 4.6.3 (Debian 4.6.3-14+rpi1) 
configure:3340: $? = 0
configure:3329: gcc -V >&5
gcc: error: unrecognized option '-V'
gcc: fatal error: no input files
compilation terminated.
configure:3340: $? = 4
configure:3329: gcc -qversion >&5
gcc: error: unrecognized option '-qversion'
gcc: fatal error: no input files
compilation terminated.
configure:3340: $? = 4
configure:3360: checking whether the C compiler works
configure:3382: gcc    conftest.c  >&5
configure:3386: $? = 0
configure:3435: result: yes
configure:3438: checking for C compiler default output file name
configure:3440: result: a.out
configure:3446: checking for suffix of executables
configure:3453: gcc -o conftest    conftest.c  >&5
configure:3457: $? = 0
configure:3479: result: 
configure:3501: checking whether we are cross compiling
configure:3509: gcc -o conftest    conftest.c  >&5
configure:3513: $? = 0
configure:3520: ./conftest
configure:3524: $? = 0
configure:3539: result: no
configure:3544: checking for suffix of object files
configure:3566: gcc -c   conftest.c >&5
configure:3570: $? = 0
configure:3591: result: o
configure:3595: checking whether we are using the GNU C compiler
configure:3614: gcc -c   conftest.c >&5
configure:3614: $? = 0
configure:3623: result: yes
configure:3632: checking whether gcc accepts -g
configure:3652: gcc -c -g  conftest.c >&5
configure:3652: $? = 0
configure:3693: result: yes
configure:3710: checking for gcc option to accept ISO C89
configure:3774: gcc  -c -g -O2  conftest.c >&5
configure:3774: $? = 0
configure:3787: result: none needed
configure:3809: checking dependency style of gcc
configure:3919: result: gcc3
configure:3934: checking for a sed that does not truncate output
configure:3998: result: /bin/sed
configure:4016: checking for grep that handles long lines and -e
configure:4074: result: /bin/grep
configure:4079: checking for egrep
configure:4141: result: /bin/grep -E
configure:4146: checking for fgrep
configure:4208: result: /bin/grep -F
configure:4243: checking for ld used by gcc
configure:4310: result: /usr/bin/ld
configure:4317: checking if the linker (/usr/bin/ld) is GNU ld
configure:4332: result: yes
configure:4344: checking for BSD- or MS-compatible name lister (nm)
configure:4393: result: /usr/bin/nm -B
configure:4511: checking the name lister (/usr/bin/nm -B) interface
configure:4518: gcc -c -g -O2  conftest.c >&5
configure:4521: /usr/bin/nm -B "conftest.o"
configure:4524: output
00000000 B some_variable
configure:4531: result: BSD nm
configure:4534: checking whether ln -s works
configure:4538: result: yes
configure:4546: checking the maximum length of command line arguments
configure:4666: result: 1572864
configure:4683: checking whether the shell understands some XSI constructs
configure:4693: result: yes
configure:4697: checking whether the shell understands "+="
configure:4703: result: yes
configure:4738: checking for /usr/bin/ld option to reload object files
configure:4745: result: -r
configure:4814: checking for objdump
configure:4830: found /usr/bin/objdump
configure:4841: result: objdump
configure:4873: checking how to recognize dependent libraries
configure:5069: result: pass_all
configure:5129: checking for ar
configure:5145: found /usr/bin/ar
configure:5156: result: ar
configure:5234: checking for strip
configure:5250: found /usr/bin/strip
configure:5261: result: strip
configure:5333: checking for ranlib
configure:5349: found /usr/bin/ranlib
configure:5360: result: ranlib
configure:5450: checking command to parse /usr/bin/nm -B output from gcc object
configure:5568: gcc -c -g -O2  conftest.c >&5
configure:5571: $? = 0
configure:5575: /usr/bin/nm -B conftest.o \| sed -n -e 's/^.*[	 ]\([ABCDGIRSTW][ABCDGIRSTW]*\)[	 ][	 ]*\([_A-Za-z][_A-Za-z0-9]*\)$/\1 \2 \2/p' \> conftest.nm
configure:5578: $? = 0
configure:5632: gcc -o conftest -g -O2   conftest.c conftstm.o >&5
configure:5635: $? = 0
configure:5673: result: ok
configure:6482: checking how to run the C preprocessor
configure:6513: gcc -E  conftest.c
configure:6513: $? = 0
configure:6527: gcc -E  conftest.c
conftest.c:11:28: fatal error: ac_nonexistent.h: No such file or directory
compilation terminated.
configure:6527: $? = 1
configure: failed program was:
| /* confdefs.h */
| #define PACKAGE_NAME "libCello"
| #define PACKAGE_TARNAME "libcello"
| #define PACKAGE_VERSION "0.9.3"
| #define PACKAGE_STRING "libCello 0.9.3"
| #define PACKAGE_BUGREPORT "contact@theorangeduck.com"
| #define PACKAGE_URL ""
| #define PACKAGE "libcello"
| #define VERSION "0.9.3"
| /* end confdefs.h.  */
| #include <ac_nonexistent.h>
configure:6552: result: gcc -E
configure:6572: gcc -E  conftest.c
configure:6572: $? = 0
configure:6586: gcc -E  conftest.c
conftest.c:11:28: fatal error: ac_nonexistent.h: No such file or directory
compilation terminated.
configure:6586: $? = 1
configure: failed program was:
| /* confdefs.h */
| #define PACKAGE_NAME "libCello"
| #define PACKAGE_TARNAME "libcello"
| #define PACKAGE_VERSION "0.9.3"
| #define PACKAGE_STRING "libCello 0.9.3"
| #define PACKAGE_BUGREPORT "contact@theorangeduck.com"
| #define PACKAGE_URL ""
| #define PACKAGE "libcello"
| #define VERSION "0.9.3"
| /* end confdefs.h.  */
| #include <ac_nonexistent.h>
configure:6615: checking for ANSI C header files
configure:6635: gcc -c -g -O2  conftest.c >&5
configure:6635: $? = 0
configure:6708: gcc -o conftest -g -O2   conftest.c  >&5
configure:6708: $? = 0
configure:6708: ./conftest
configure:6708: $? = 0
configure:6719: result: yes
configure:6732: checking for sys/types.h
configure:6732: gcc -c -g -O2  conftest.c >&5
configure:6732: $? = 0
configure:6732: result: yes
configure:6732: checking for sys/stat.h
configure:6732: gcc -c -g -O2  conftest.c >&5
configure:6732: $? = 0
configure:6732: result: yes
configure:6732: checking for stdlib.h
configure:6732: gcc -c -g -O2  conftest.c >&5
configure:6732: $? = 0
configure:6732: result: yes
configure:6732: checking for string.h
configure:6732: gcc -c -g -O2  conftest.c >&5
configure:6732: $? = 0
configure:6732: result: yes
configure:6732: checking for memory.h
configure:6732: gcc -c -g -O2  conftest.c >&5
configure:6732: $? = 0
configure:6732: result: yes
configure:6732: checking for strings.h
configure:6732: gcc -c -g -O2  conftest.c >&5
configure:6732: $? = 0
configure:6732: result: yes
configure:6732: checking for inttypes.h
configure:6732: gcc -c -g -O2  conftest.c >&5
configure:6732: $? = 0
configure:6732: result: yes
configure:6732: checking for stdint.h
configure:6732: gcc -c -g -O2  conftest.c >&5
configure:6732: $? = 0
configure:6732: result: yes
configure:6732: checking for unistd.h
configure:6732: gcc -c -g -O2  conftest.c >&5
configure:6732: $? = 0
configure:6732: result: yes
configure:6747: checking for dlfcn.h
configure:6747: gcc -c -g -O2  conftest.c >&5
configure:6747: $? = 0
configure:6747: result: yes
configure:6931: checking for objdir
configure:6946: result: .libs
configure:7238: checking if gcc supports -fno-rtti -fno-exceptions
configure:7256: gcc -c -g -O2  -fno-rtti -fno-exceptions conftest.c >&5
cc1: warning: command line option '-fno-rtti' is valid for C++/ObjC++ but not for C [enabled by default]
configure:7260: $? = 0
configure:7273: result: no
configure:7293: checking for gcc option to produce PIC
configure:7565: result: -fPIC -DPIC
configure:7577: checking if gcc PIC flag -fPIC -DPIC works
configure:7595: gcc -c -g -O2  -fPIC -DPIC -DPIC conftest.c >&5
configure:7599: $? = 0
configure:7612: result: yes
configure:7636: checking if gcc static flag -static works
configure:7664: result: yes
configure:7679: checking if gcc supports -c -o file.o
configure:7700: gcc -c -g -O2  -o out/conftest2.o conftest.c >&5
configure:7704: $? = 0
configure:7726: result: yes
configure:7734: checking if gcc supports -c -o file.o
configure:7781: result: yes
configure:7814: checking whether the gcc linker (/usr/bin/ld) supports shared libraries
configure:8805: result: yes
configure:8842: checking whether -lc should be explicitly linked in
configure:8847: gcc -c -g -O2  conftest.c >&5
configure:8850: $? = 0
configure:8865: gcc -shared conftest.o  -v -Wl,-soname -Wl,conftest -o conftest 2\>\&1 \| /bin/grep  -lc  \>/dev/null 2\>\&1
configure:8868: $? = 0
configure:8880: result: no
configure:9044: checking dynamic linker characteristics
configure:9477: gcc -o conftest -g -O2   -Wl,-rpath -Wl,/foo conftest.c  >&5
configure:9477: $? = 0
configure:9707: result: GNU/Linux ld.so
configure:9809: checking how to hardcode library paths into programs
configure:9834: result: immediate
configure:10354: checking whether stripping libraries is possible
configure:10359: result: yes
configure:10394: checking if libtool supports shared libraries
configure:10396: result: yes
configure:10399: checking whether to build shared libraries
configure:10420: result: yes
configure:10423: checking whether to build static libraries
configure:10427: result: yes
configure:10517: checking for gcc
configure:10544: result: gcc
configure:10773: checking for C compiler version
configure:10782: gcc --version >&5
gcc (Debian 4.6.3-14+rpi1) 4.6.3
Copyright (C) 2011 Free Software Foundation, Inc.
This is free software; see the source for copying conditions.  There is NO
warranty; not even for MERCHANTABILITY or FITNESS FOR A PARTICULAR PURPOSE.

configure:10793: $? = 0
configure:10782: gcc -v >&5
Using built-in specs.
COLLECT_GCC=gcc
COLLECT_LTO_WRAPPER=/usr/lib/gcc/arm-linux-gnueabihf/4.6/lto-wrapper
Target: arm-linux-gnueabihf
Configured with: ../src/configure -v --with-pkgversion='Debian 4.6.3-14+rpi1' --with-bugurl=file:///usr/share/doc/gcc-4.6/README.Bugs --enable-languages=c,c++,fortran,objc,obj-c++ --prefix=/usr --program-suffix=-4.6 --enable-shared --enable-linker-build-id --with-system-zlib --libexecdir=/usr/lib --without-included-gettext --enable-threads=posix --with-gxx-include-dir=/usr/include/c++/4.6 --libdir=/usr/lib --enable-nls --with-sysroot=/ --enable-clocale=gnu --enable-libstdcxx-debug --enable-libstdcxx-time=yes --enable-gnu-unique-object --enable-plugin --enable-objc-gc --disable-sjlj-exceptions --with-arch=armv6 --with-fpu=vfp --with-float=hard --enable-checking=release --build=arm-linux-gnueabihf --host=arm-linux-gnueabihf --target=arm-linux-gnueabihf
Thread model: posix
gcc version 4.6.3 (Debian 4.6.3-14+rpi1) 
configure:10793: $? = 0
configure:10782: gcc -V >&5
gcc: error: unrecognized option '-V'
gcc: fatal error: no input files
compilation terminated.
configure:10793: $? = 4
configure:10782: gcc -qversion >&5
gcc: error: unrecognized option '-qversion'
gcc: fatal error: no input files
compilation terminated.
configure:10793: $? = 4
configure:10797: checking whether we are using the GNU C compiler
configure:10825: result: yes
configure:10834: checking whether gcc accepts -g
configure:10895: result: yes
configure:10912: checking for gcc option to accept ISO C89
configure:10989: result: none needed
configure:11011: checking dependency style of gcc
configure:11121: result: gcc3
configure:11137: checking whether gcc and cc understand -c and -o together
configure:11168: gcc -c conftest.c -o conftest2.o >&5
configure:11172: $? = 0
configure:11178: gcc -c conftest.c -o conftest2.o >&5
configure:11182: $? = 0
configure:11193: cc -c conftest.c >&5
configure:11197: $? = 0
configure:11205: cc -c conftest.c -o conftest2.o >&5
configure:11209: $? = 0
configure:11215: cc -c conftest.c -o conftest2.o >&5
configure:11219: $? = 0
configure:11237: result: yes
configure:11269: checking for stdint.h
configure:11269: result: yes
configure:11269: checking for stdlib.h
configure:11269: result: yes
configure:11269: checking for string.h
configure:11269: result: yes
configure:11269: checking for unistd.h
configure:11269: result: yes
configure:11282: checking for ANSI C header files
configure:11386: result: yes
configure:11394: checking for stdbool.h that conforms to C99
configure:11479: gcc -c -g -O2  conftest.c >&5
configure:11479: $? = 0
configure:11486: result: yes
configure:11488: checking for _Bool
configure:11488: gcc -c -g -O2  conftest.c >&5
configure:11488: $? = 0
configure:11488: gcc -c -g -O2  conftest.c >&5
conftest.c: In function 'main':
conftest.c:64:20: error: expected expression before ')' token
configure:11488: $? = 1
configure: failed program was:
| /* confdefs.h */
| #define PACKAGE_NAME "libCello"
| #define PACKAGE_TARNAME "libcello"
| #define PACKAGE_VERSION "0.9.3"
| #define PACKAGE_STRING "libCello 0.9.3"
| #define PACKAGE_BUGREPORT "contact@theorangeduck.com"
| #define PACKAGE_URL ""
| #define PACKAGE "libcello"
| #define VERSION "0.9.3"
| #define STDC_HEADERS 1
| #define HAVE_SYS_TYPES_H 1
| #define HAVE_SYS_STAT_H 1
| #define HAVE_STDLIB_H 1
| #define HAVE_STRING_H 1
| #define HAVE_MEMORY_H 1
| #define HAVE_STRINGS_H 1
| #define HAVE_INTTYPES_H 1
| #define HAVE_STDINT_H 1
| #define HAVE_UNISTD_H 1
| #define HAVE_DLFCN_H 1
| #define LT_OBJDIR ".libs/"
| #define HAVE_STDINT_H 1
| #define HAVE_STDLIB_H 1
| #define HAVE_STRING_H 1
| #define HAVE_UNISTD_H 1
| #define STDC_HEADERS 1
| /* end confdefs.h.  */
| #include <stdio.h>
| #ifdef HAVE_SYS_TYPES_H
| # include <sys/types.h>
| #endif
| #ifdef HAVE_SYS_STAT_H
| # include <sys/stat.h>
| #endif
| #ifdef STDC_HEADERS
| # include <stdlib.h>
| # include <stddef.h>
| #else
| # ifdef HAVE_STDLIB_H
| #  include <stdlib.h>
| # endif
| #endif
| #ifdef HAVE_STRING_H
| # if !defined STDC_HEADERS && defined HAVE_MEMORY_H
| #  include <memory.h>
| # endif
| # include <string.h>
| #endif
| #ifdef HAVE_STRINGS_H
| # include <strings.h>
| #endif
| #ifdef HAVE_INTTYPES_H
| # include <inttypes.h>
| #endif
| #ifdef HAVE_STDINT_H
| # include <stdint.h>
| #endif
| #ifdef HAVE_UNISTD_H
| # include <unistd.h>
| #endif
| int
| main ()
| {
| if (sizeof ((_Bool)))
| 	    return 0;
|   ;
|   return 0;
| }
configure:11488: result: yes
configure:11504: checking for size_t
configure:11504: gcc -c -g -O2  conftest.c >&5
configure:11504: $? = 0
configure:11504: gcc -c -g -O2  conftest.c >&5
conftest.c: In function 'main':
conftest.c:66:21: error: expected expression before ')' token
configure:11504: $? = 1
configure: failed program was:
| /* confdefs.h */
| #define PACKAGE_NAME "libCello"
| #define PACKAGE_TARNAME "libcello"
| #define PACKAGE_VERSION "0.9.3"
| #define PACKAGE_STRING "libCello 0.9.3"
| #define PACKAGE_BUGREPORT "contact@theorangeduck.com"
| #define PACKAGE_URL ""
| #define PACKAGE "libcello"
| #define VERSION "0.9.3"
| #define STDC_HEADERS 1
| #define HAVE_SYS_TYPES_H 1
| #define HAVE_SYS_STAT_H 1
| #define HAVE_STDLIB_H 1
| #define HAVE_STRING_H 1
| #define HAVE_MEMORY_H 1
| #define HAVE_STRINGS_H 1
| #define HAVE_INTTYPES_H 1
| #define HAVE_STDINT_H 1
| #define HAVE_UNISTD_H 1
| #define HAVE_DLFCN_H 1
| #define LT_OBJDIR ".libs/"
| #define HAVE_STDINT_H 1
| #define HAVE_STDLIB_H 1
| #define HAVE_STRING_H 1
| #define HAVE_UNISTD_H 1
| #define STDC_HEADERS 1
| #define HAVE__BOOL 1
| #define HAVE_STDBOOL_H 1
| /* end confdefs.h.  */
| #include <stdio.h>
| #ifdef HAVE_SYS_TYPES_H
| # include <sys/types.h>
| #endif
| #ifdef HAVE_SYS_STAT_H
| # include <sys/stat.h>
| #endif
| #ifdef STDC_HEADERS
| # include <stdlib.h>
| # include <stddef.h>
| #else
| # ifdef HAVE_STDLIB_H
| #  include <stdlib.h>
| # endif
| #endif
| #ifdef HAVE_STRING_H
| # if !defined STDC_HEADERS && defined HAVE_MEMORY_H
| #  include <memory.h>
| # endif
| # include <string.h>
| #endif
| #ifdef HAVE_STRINGS_H
| # include <strings.h>
| #endif
| #ifdef HAVE_INTTYPES_H
| # include <inttypes.h>
| #endif
| #ifdef HAVE_STDINT_H
| # include <stdint.h>
| #endif
| #ifdef HAVE_UNISTD_H
| # include <unistd.h>
| #endif
| int
| main ()
| {
| if (sizeof ((size_t)))
| 	    return 0;
|   ;
|   return 0;
| }
configure:11504: result: yes
configure:11519: checking for stdlib.h
configure:11519: result: yes
configure:11529: checking for GNU libc compatible malloc
configure:11553: gcc -o conftest -g -O2   conftest.c  >&5
configure:11553: $? = 0
configure:11553: ./conftest
configure:11553: $? = 0
configure:11563: result: yes
configure:11586: checking for stdlib.h
configure:11586: result: yes
configure:11596: checking for GNU libc compatible realloc
configure:11620: gcc -o conftest -g -O2   conftest.c  >&5
configure:11620: $? = 0
configure:11620: ./conftest
configure:11620: $? = 0
configure:11630: result: yes
configure:11654: checking for floor
configure:11654: gcc -o conftest -g -O2   conftest.c  >&5
conftest.c:57:6: warning: conflicting types for built-in function 'floor' [enabled by default]
/tmp/ccI0A5cU.o: In function `main':
/home/pi/vfd_clock/lib/libcello-0.9.3/conftest.c:68: undefined reference to `floor'
collect2: ld returned 1 exit status
configure:11654: $? = 1
configure: failed program was:
| /* confdefs.h */
| #define PACKAGE_NAME "libCello"
| #define PACKAGE_TARNAME "libcello"
| #define PACKAGE_VERSION "0.9.3"
| #define PACKAGE_STRING "libCello 0.9.3"
| #define PACKAGE_BUGREPORT "contact@theorangeduck.com"
| #define PACKAGE_URL ""
| #define PACKAGE "libcello"
| #define VERSION "0.9.3"
| #define STDC_HEADERS 1
| #define HAVE_SYS_TYPES_H 1
| #define HAVE_SYS_STAT_H 1
| #define HAVE_STDLIB_H 1
| #define HAVE_STRING_H 1
| #define HAVE_MEMORY_H 1
| #define HAVE_STRINGS_H 1
| #define HAVE_INTTYPES_H 1
| #define HAVE_STDINT_H 1
| #define HAVE_UNISTD_H 1
| #define HAVE_DLFCN_H 1
| #define LT_OBJDIR ".libs/"
| #define HAVE_STDINT_H 1
| #define HAVE_STDLIB_H 1
| #define HAVE_STRING_H 1
| #define HAVE_UNISTD_H 1
| #define STDC_HEADERS 1
| #define HAVE__BOOL 1
| #define HAVE_STDBOOL_H 1
| #define HAVE_STDLIB_H 1
| #define HAVE_MALLOC 1
| #define HAVE_STDLIB_H 1
| #define HAVE_REALLOC 1
| /* end confdefs.h.  */
| /* Define floor to an innocuous variant, in case <limits.h> declares floor.
|    For example, HP-UX 11i <limits.h> declares gettimeofday.  */
| #define floor innocuous_floor
| 
| /* System header to define __stub macros and hopefully few prototypes,
|     which can conflict with char floor (); below.
|     Prefer <limits.h> to <assert.h> if __STDC__ is defined, since
|     <limits.h> exists even on freestanding compilers.  */
| 
| #ifdef __STDC__
| # include <limits.h>
| #else
| # include <assert.h>
| #endif
| 
| #undef floor
| 
| /* Override any GCC internal prototype to avoid an error.
|    Use char because int might match the return type of a GCC
|    builtin and then its argument prototype would still apply.  */
| #ifdef __cplusplus
| extern "C"
| #endif
| char floor ();
| /* The GNU C library defines this for functions which it implements
|     to always fail with ENOSYS.  Some functions are actually named
|     something starting with __ and the normal name is an alias.  */
| #if defined __stub_floor || defined __stub___floor
| choke me
| #endif
| 
| int
| main ()
| {
| return floor ();
|   ;
|   return 0;
| }
configure:11654: result: no
configure:11654: checking for memmove
configure:11654: gcc -o conftest -g -O2   conftest.c  >&5
conftest.c:57:6: warning: conflicting types for built-in function 'memmove' [enabled by default]
configure:11654: $? = 0
configure:11654: result: yes
configure:11654: checking for memset
configure:11654: gcc -o conftest -g -O2   conftest.c  >&5
conftest.c:58:6: warning: conflicting types for built-in function 'memset' [enabled by default]
configure:11654: $? = 0
configure:11654: result: yes
configure:11654: checking for pow
configure:11654: gcc -o conftest -g -O2   conftest.c  >&5
conftest.c:59:6: warning: conflicting types for built-in function 'pow' [enabled by default]
/tmp/ccrIxPUe.o: In function `main':
/home/pi/vfd_clock/lib/libcello-0.9.3/conftest.c:70: undefined reference to `pow'
collect2: ld returned 1 exit status
configure:11654: $? = 1
configure: failed program was:
| /* confdefs.h */
| #define PACKAGE_NAME "libCello"
| #define PACKAGE_TARNAME "libcello"
| #define PACKAGE_VERSION "0.9.3"
| #define PACKAGE_STRING "libCello 0.9.3"
| #define PACKAGE_BUGREPORT "contact@theorangeduck.com"
| #define PACKAGE_URL ""
| #define PACKAGE "libcello"
| #define VERSION "0.9.3"
| #define STDC_HEADERS 1
| #define HAVE_SYS_TYPES_H 1
| #define HAVE_SYS_STAT_H 1
| #define HAVE_STDLIB_H 1
| #define HAVE_STRING_H 1
| #define HAVE_MEMORY_H 1
| #define HAVE_STRINGS_H 1
| #define HAVE_INTTYPES_H 1
| #define HAVE_STDINT_H 1
| #define HAVE_UNISTD_H 1
| #define HAVE_DLFCN_H 1
| #define LT_OBJDIR ".libs/"
| #define HAVE_STDINT_H 1
| #define HAVE_STDLIB_H 1
| #define HAVE_STRING_H 1
| #define HAVE_UNISTD_H 1
| #define STDC_HEADERS 1
| #define HAVE__BOOL 1
| #define HAVE_STDBOOL_H 1
| #define HAVE_STDLIB_H 1
| #define HAVE_MALLOC 1
| #define HAVE_STDLIB_H 1
| #define HAVE_REALLOC 1
| #define HAVE_MEMMOVE 1
| #define HAVE_MEMSET 1
| /* end confdefs.h.  */
| /* Define pow to an innocuous variant, in case <limits.h> declares pow.
|    For example, HP-UX 11i <limits.h> declares gettimeofday.  */
| #define pow innocuous_pow
| 
| /* System header to define __stub macros and hopefully few prototypes,
|     which can conflict with char pow (); below.
|     Prefer <limits.h> to <assert.h> if __STDC__ is defined, since
|     <limits.h> exists even on freestanding compilers.  */
| 
| #ifdef __STDC__
| # include <limits.h>
| #else
| # include <assert.h>
| #endif
| 
| #undef pow
| 
| /* Override any GCC internal prototype to avoid an error.
|    Use char because int might match the return type of a GCC
|    builtin and then its argument prototype would still apply.  */
| #ifdef __cplusplus
| extern "C"
| #endif
| char pow ();
| /* The GNU C library defines this for functions which it implements
|     to always fail with ENOSYS.  Some functions are actually named
|     something starting with __ and the normal name is an alias.  */
| #if defined __stub_pow || defined __stub___pow
| choke me
| #endif
| 
| int
| main ()
| {
| return pow ();
|   ;
|   return 0;
| }
configure:11654: result: no
configure:11654: checking for sqrt
configure:11654: gcc -o conftest -g -O2   conftest.c  >&5
conftest.c:59:6: warning: conflicting types for built-in function 'sqrt' [enabled by default]
/tmp/ccUdx0AJ.o: In function `main':
/home/pi/vfd_clock/lib/libcello-0.9.3/conftest.c:70: undefined reference to `sqrt'
collect2: ld returned 1 exit status
configure:11654: $? = 1
configure: failed program was:
| /* confdefs.h */
| #define PACKAGE_NAME "libCello"
| #define PACKAGE_TARNAME "libcello"
| #define PACKAGE_VERSION "0.9.3"
| #define PACKAGE_STRING "libCello 0.9.3"
| #define PACKAGE_BUGREPORT "contact@theorangeduck.com"
| #define PACKAGE_URL ""
| #define PACKAGE "libcello"
| #define VERSION "0.9.3"
| #define STDC_HEADERS 1
| #define HAVE_SYS_TYPES_H 1
| #define HAVE_SYS_STAT_H 1
| #define HAVE_STDLIB_H 1
| #define HAVE_STRING_H 1
| #define HAVE_MEMORY_H 1
| #define HAVE_STRINGS_H 1
| #define HAVE_INTTYPES_H 1
| #define HAVE_STDINT_H 1
| #define HAVE_UNISTD_H 1
| #define HAVE_DLFCN_H 1
| #define LT_OBJDIR ".libs/"
| #define HAVE_STDINT_H 1
| #define HAVE_STDLIB_H 1
| #define HAVE_STRING_H 1
| #define HAVE_UNISTD_H 1
| #define STDC_HEADERS 1
| #define HAVE__BOOL 1
| #define HAVE_STDBOOL_H 1
| #define HAVE_STDLIB_H 1
| #define HAVE_MALLOC 1
| #define HAVE_STDLIB_H 1
| #define HAVE_REALLOC 1
| #define HAVE_MEMMOVE 1
| #define HAVE_MEMSET 1
| /* end confdefs.h.  */
| /* Define sqrt to an innocuous variant, in case <limits.h> declares sqrt.
|    For example, HP-UX 11i <limits.h> declares gettimeofday.  */
| #define sqrt innocuous_sqrt
| 
| /* System header to define __stub macros and hopefully few prototypes,
|     which can conflict with char sqrt (); below.
|     Prefer <limits.h> to <assert.h> if __STDC__ is defined, since
|     <limits.h> exists even on freestanding compilers.  */
| 
| #ifdef __STDC__
| # include <limits.h>
| #else
| # include <assert.h>
| #endif
| 
| #undef sqrt
| 
| /* Override any GCC internal prototype to avoid an error.
|    Use char because int might match the return type of a GCC
|    builtin and then its argument prototype would still apply.  */
| #ifdef __cplusplus
| extern "C"
| #endif
| char sqrt ();
| /* The GNU C library defines this for functions which it implements
|     to always fail with ENOSYS.  Some functions are actually named
|     something starting with __ and the normal name is an alias.  */
| #if defined __stub_sqrt || defined __stub___sqrt
| choke me
| #endif
| 
| int
| main ()
| {
| return sqrt ();
|   ;
|   return 0;
| }
configure:11654: result: no
configure:11654: checking for strchr
configure:11654: gcc -o conftest -g -O2   conftest.c  >&5
conftest.c:59:6: warning: conflicting types for built-in function 'strchr' [enabled by default]
configure:11654: $? = 0
configure:11654: result: yes
configure:11654: checking for strstr
configure:11654: gcc -o conftest -g -O2   conftest.c  >&5
conftest.c:60:6: warning: conflicting types for built-in function 'strstr' [enabled by default]
configure:11654: $? = 0
configure:11654: result: yes
configure:11789: creating ./config.status

## ---------------------- ##
## Running config.status. ##
## ---------------------- ##

This file was extended by libCello config.status 0.9.3, which was
generated by GNU Autoconf 2.65.  Invocation command line was

  CONFIG_FILES    = 
  CONFIG_HEADERS  = 
  CONFIG_LINKS    = 
  CONFIG_COMMANDS = 
  $ ./config.status 

on raspberrypi

config.status:1079: creating Makefile
config.status:1079: creating src/Makefile
config.status:1079: creating tests/Makefile
config.status:1079: creating config.h
config.status:1299: executing depfiles commands
config.status:1299: executing libtool commands

## ---------------- ##
## Cache variables. ##
## ---------------- ##

ac_cv_build=armv6l-unknown-linux-gnueabi
ac_cv_c_compiler_gnu=yes
ac_cv_env_CC_set=
ac_cv_env_CC_value=
ac_cv_env_CFLAGS_set=
ac_cv_env_CFLAGS_value=
ac_cv_env_CPPFLAGS_set=
ac_cv_env_CPPFLAGS_value=
ac_cv_env_CPP_set=
ac_cv_env_CPP_value=
ac_cv_env_LDFLAGS_set=
ac_cv_env_LDFLAGS_value=
ac_cv_env_LIBS_set=
ac_cv_env_LIBS_value=
ac_cv_env_build_alias_set=
ac_cv_env_build_alias_value=
ac_cv_env_host_alias_set=
ac_cv_env_host_alias_value=
ac_cv_env_target_alias_set=
ac_cv_env_target_alias_value=
ac_cv_func_floor=no
ac_cv_func_malloc_0_nonnull=yes
ac_cv_func_memmove=yes
ac_cv_func_memset=yes
ac_cv_func_pow=no
ac_cv_func_realloc_0_nonnull=yes
ac_cv_func_sqrt=no
ac_cv_func_strchr=yes
ac_cv_func_strstr=yes
ac_cv_header_dlfcn_h=yes
ac_cv_header_inttypes_h=yes
ac_cv_header_memory_h=yes
ac_cv_header_stdbool_h=yes
ac_cv_header_stdc=yes
ac_cv_header_stdint_h=yes
ac_cv_header_stdlib_h=yes
ac_cv_header_string_h=yes
ac_cv_header_strings_h=yes
ac_cv_header_sys_stat_h=yes
ac_cv_header_sys_types_h=yes
ac_cv_header_unistd_h=yes
ac_cv_host=armv6l-unknown-linux-gnueabi
ac_cv_objext=o
ac_cv_path_EGREP='/bin/grep -E'
ac_cv_path_FGREP='/bin/grep -F'
ac_cv_path_GREP=/bin/grep
ac_cv_path_SED=/bin/sed
ac_cv_path_install='/usr/bin/install -c'
ac_cv_path_mkdir=/bin/mkdir
ac_cv_prog_AWK=mawk
ac_cv_prog_CPP='gcc -E'
ac_cv_prog_ac_ct_AR=ar
ac_cv_prog_ac_ct_CC=gcc
ac_cv_prog_ac_ct_OBJDUMP=objdump
ac_cv_prog_ac_ct_RANLIB=ranlib
ac_cv_prog_ac_ct_STRIP=strip
ac_cv_prog_cc_c89=
ac_cv_prog_cc_g=yes
ac_cv_prog_cc_gcc_c_o=yes
ac_cv_prog_make_make_set=yes
ac_cv_type__Bool=yes
ac_cv_type_size_t=yes
am_cv_CC_dependencies_compiler_type=gcc3
lt_cv_deplibs_check_method=pass_all
lt_cv_file_magic_cmd='$MAGIC_CMD'
lt_cv_file_magic_test_file=
lt_cv_ld_reload_flag=-r
lt_cv_nm_interface='BSD nm'
lt_cv_objdir=.libs
lt_cv_path_LD=/usr/bin/ld
lt_cv_path_NM='/usr/bin/nm -B'
lt_cv_prog_compiler_c_o=yes
lt_cv_prog_compiler_pic_works=yes
lt_cv_prog_compiler_rtti_exceptions=no
lt_cv_prog_compiler_static_works=yes
lt_cv_prog_gnu_ld=yes
lt_cv_sys_global_symbol_pipe='sed -n -e '\''s/^.*[	 ]\([ABCDGIRSTW][ABCDGIRSTW]*\)[	 ][	 ]*\([_A-Za-z][_A-Za-z0-9]*\)$/\1 \2 \2/p'\'''
lt_cv_sys_global_symbol_to_c_name_address='sed -n -e '\''s/^: \([^ ]*\) $/  {\"\1\", (void *) 0},/p'\'' -e '\''s/^[ABCDGIRSTW]* \([^ ]*\) \([^ ]*\)$/  {"\2", (void *) \&\2},/p'\'''
lt_cv_sys_global_symbol_to_c_name_address_lib_prefix='sed -n -e '\''s/^: \([^ ]*\) $/  {\"\1\", (void *) 0},/p'\'' -e '\''s/^[ABCDGIRSTW]* \([^ ]*\) \(lib[^ ]*\)$/  {"\2", (void *) \&\2},/p'\'' -e '\''s/^[ABCDGIRSTW]* \([^ ]*\) \([^ ]*\)$/  {"lib\2", (void *) \&\2},/p'\'''
lt_cv_sys_global_symbol_to_cdecl='sed -n -e '\''s/^T .* \(.*\)$/extern int \1();/p'\'' -e '\''s/^[ABCDGIRSTW]* .* \(.*\)$/extern char \1;/p'\'''
lt_cv_sys_max_cmd_len=1572864

## ----------------- ##
## Output variables. ##
## ----------------- ##

ACLOCAL='${SHELL} /home/pi/vfd_clock/lib/libcello-0.9.3/missing --run aclocal-1.11'
AMDEPBACKSLASH='\'
AMDEP_FALSE='#'
AMDEP_TRUE=''
AMTAR='${SHELL} /home/pi/vfd_clock/lib/libcello-0.9.3/missing --run tar'
AR='ar'
AUTOCONF='${SHELL} /home/pi/vfd_clock/lib/libcello-0.9.3/missing --run autoconf'
AUTOHEADER='${SHELL} /home/pi/vfd_clock/lib/libcello-0.9.3/missing --run autoheader'
AUTOMAKE='${SHELL} /home/pi/vfd_clock/lib/libcello-0.9.3/missing --run automake-1.11'
AWK='mawk'
CC='gcc'
CCDEPMODE='depmode=gcc3'
CFLAGS='-g -O2'
CPP='gcc -E'
CPPFLAGS=''
CYGPATH_W='echo'
DEFS='-DHAVE_CONFIG_H'
DEPDIR='.deps'
DSYMUTIL=''
DUMPBIN=''
ECHO_C=''
ECHO_N='-n'
ECHO_T=''
EGREP='/bin/grep -E'
EXEEXT=''
FGREP='/bin/grep -F'
GREP='/bin/grep'
INSTALL_DATA='${INSTALL} -m 644'
INSTALL_PROGRAM='${INSTALL}'
INSTALL_SCRIPT='${INSTALL}'
INSTALL_STRIP_PROGRAM='$(install_sh) -c -s'
LD='/usr/bin/ld'
LDFLAGS=''
LIBOBJS=''
LIBS=''
LIBTOOL='$(SHELL) $(top_builddir)/libtool'
LIPO=''
LN_S='ln -s'
LTLIBOBJS=''
MAKEINFO='${SHELL} /home/pi/vfd_clock/lib/libcello-0.9.3/missing --run makeinfo'
MKDIR_P='/bin/mkdir -p'
NM='/usr/bin/nm -B'
NMEDIT=''
OBJDUMP='objdump'
OBJEXT='o'
OTOOL64=''
OTOOL=''
PACKAGE='libcello'
PACKAGE_BUGREPORT='contact@theorangeduck.com'
PACKAGE_NAME='libCello'
PACKAGE_STRING='libCello 0.9.3'
PACKAGE_TARNAME='libcello'
PACKAGE_URL=''
PACKAGE_VERSION='0.9.3'
PATH_SEPARATOR=':'
RANLIB='ranlib'
SED='/bin/sed'
SET_MAKE=''
SHELL='/bin/bash'
STRIP='strip'
VERSION='0.9.3'
ac_ct_CC='gcc'
ac_ct_DUMPBIN=''
am__EXEEXT_FALSE=''
am__EXEEXT_TRUE='#'
am__fastdepCC_FALSE='#'
am__fastdepCC_TRUE=''
am__include='include'
am__isrc=''
am__leading_dot='.'
am__quote=''
am__tar='${AMTAR} chof - "$$tardir"'
am__untar='${AMTAR} xf -'
bindir='${exec_prefix}/bin'
build='armv6l-unknown-linux-gnueabi'
build_alias=''
build_cpu='armv6l'
build_os='linux-gnueabi'
build_vendor='unknown'
datadir='${datarootdir}'
datarootdir='${prefix}/share'
docdir='${datarootdir}/doc/${PACKAGE_TARNAME}'
dvidir='${docdir}'
exec_prefix='${prefix}'
host='armv6l-unknown-linux-gnueabi'
host_alias=''
host_cpu='armv6l'
host_os='linux-gnueabi'
host_vendor='unknown'
htmldir='${docdir}'
includedir='${prefix}/include'
infodir='${datarootdir}/info'
install_sh='${SHELL} /home/pi/vfd_clock/lib/libcello-0.9.3/install-sh'
libdir='${exec_prefix}/lib'
libexecdir='${exec_prefix}/libexec'
localedir='${datarootdir}/locale'
localstatedir='${prefix}/var'
lt_ECHO='echo'
mandir='${datarootdir}/man'
mkdir_p='/bin/mkdir -p'
oldincludedir='/usr/include'
pdfdir='${docdir}'
prefix='/usr/local'
program_transform_name='s,x,x,'
psdir='${docdir}'
sbindir='${exec_prefix}/sbin'
sharedstatedir='${prefix}/com'
sysconfdir='${prefix}/etc'
target_alias=''

## ----------- ##
## confdefs.h. ##
## ----------- ##

/* confdefs.h */
#define PACKAGE_NAME "libCello"
#define PACKAGE_TARNAME "libcello"
#define PACKAGE_VERSION "0.9.3"
#define PACKAGE_STRING "libCello 0.9.3"
#define PACKAGE_BUGREPORT "contact@theorangeduck.com"
#define PACKAGE_URL ""
#define PACKAGE "libcello"
#define VERSION "0.9.3"
#define STDC_HEADERS 1
#define HAVE_SYS_TYPES_H 1
#define HAVE_SYS_STAT_H 1
#define HAVE_STDLIB_H 1
#define HAVE_STRING_H 1
#define HAVE_MEMORY_H 1
#define HAVE_STRINGS_H 1
#define HAVE_INTTYPES_H 1
#define HAVE_STDINT_H 1
#define HAVE_UNISTD_H 1
#define HAVE_DLFCN_H 1
#define LT_OBJDIR ".libs/"
#define HAVE_STDINT_H 1
#define HAVE_STDLIB_H 1
#define HAVE_STRING_H 1
#define HAVE_UNISTD_H 1
#define STDC_HEADERS 1
#define HAVE__BOOL 1
#define HAVE_STDBOOL_H 1
#define HAVE_STDLIB_H 1
#define HAVE_MALLOC 1
#define HAVE_STDLIB_H 1
#define HAVE_REALLOC 1
#define HAVE_MEMMOVE 1
#define HAVE_MEMSET 1
#define HAVE_STRCHR 1
#define HAVE_STRSTR 1

configure: exit 0
